-0.330847   0.107083   0.189938
-0.18744   0.284558   0.181292
0.166088   0.12245   0.462959
0.342703   -0.324989   -0.484184
-0.271184   0.175883   -0.38224
-0.342654   0.134212   -0.371559
0.208613   -0.0158487   -0.121326
0.0219093   -0.165226   -0.364779
0.495155   -0.331063   0.0119303
-0.255518   -0.0573116   0.417727
-0.0664313   0.188617   0.391157
0.25344   0.265518   -0.124282
-0.0568659   -0.496632   -0.329225
-0.247773   -0.388087   -0.357327
-0.411771   0.279625   0.436959
-0.230717   0.0263012   -0.210907
0.296128   -0.0118009   -0.152726
-0.0476209   -0.34669   -0.0359034
-0.113388   0.244337   0.00199469
0.27341   -0.418838   0.42352
0.114522   0.010087   0.317579
-0.0570956   0.321549   -0.245201
0.115917   0.433294   0.0237941
-0.342622   -0.0559601   0.486924
0.108567   -0.266602   -0.0841937
-0.231198   0.397347   0.320155
-0.372701   0.370561   -0.23091
0.093671   -0.437705   -0.192091
-0.154245   0.240372   0.294218
-0.0320635   0.189487   -0.483054
-0.441538   0.278349   -0.190066
0.431555   -0.492143   -0.484241
-0.332491   -0.453246   0.0334807
0.141209   -0.166288   -0.398239
-0.171678   0.423538   -0.226705
0.0245217   0.0552511   0.228009
0.255329   0.115874   -0.00525916
-0.458235   -0.325894   -0.102184
0.420139   -0.254962   0.07246
0.345489   -0.0759646   0.245172
-0.15235   0.459792   0.413127
0.122207   0.435893   0.316263
0.487103   -0.295881   0.127619
-0.351131   0.234756   -0.306759
0.165863   0.00275476   -0.236233
0.0997643   -0.472799   -0.40191
-0.117135   0.470324   -0.0370385
0.0856197   0.0613026   -0.238929
0.457767   0.334999   -0.14792
-0.134345   0.23226   -0.0970091
0.273992   0.478389   0.254809
0.32566   -0.32568   0.00389089
-0.263614   -0.335295   -0.291448
-0.299386   -0.492333   0.127449
0.194652   -0.499118   0.27054
0.19217   0.196318   0.270714
0.470639   -0.32835   -0.255296
0.0610478   0.351561   -0.262402
-0.257261   0.300893   0.276219
0.132086   0.130084   -0.201831
0.123267   -0.0953513   0.279708
-0.293637   0.469649   -0.22777
0.0106907   0.076032   0.0396837
0.359685   -0.415862   0.133147
0.44655   0.252769   -0.316842
-0.354702   -0.155257   -0.0784657
0.476919   0.109747   -0.327775
0.225049   0.126121   -0.272577
-0.244895   0.131648   -0.496281
-0.140193   -0.410231   -0.275986
0.438404   0.497253   0.183661
0.302954   0.0325375   -0.239369
0.16015   -0.252677   0.348364
-0.32984   -0.326446   -0.35838
0.491672   -0.270509   -0.186281
-0.481283   -0.201445   0.135743
-0.451687   -0.384449   -0.0478099
-0.231597   -0.191431   0.0127397
-0.254789   0.148727   0.391961
0.333401   0.408624   -0.135059
-0.162734   -0.247243   -0.133877
0.366093   -0.492265   -0.129513
0.0317228   0.29462   -0.0611824
0.400481   0.255889   -0.239841
0.241577   0.0460718   0.192423
-0.399526   0.165152   -0.264112
0.133068   -0.255424   0.00890815
0.206571   0.429495   -0.327506
-0.462667   -0.3692   0.446612
-0.397993   0.477818   0.490387
0.303886   -0.108592   -0.0730073
-0.0365081   -0.0436806   -0.422864
0.090072   -0.164815   0.0135394
0.219693   0.197152   0.0194506
0.331107   0.279853   -0.391913
0.197646   0.359246   0.465436
-0.355158   0.424063   0.176974
-0.350631   0.103576   0.0470644
0.145489   0.0327668   0.0795307
-0.358777   0.019205   -0.00967292
0.0514732   0.0159932   0.142906
-0.0186381   -0.0624857   0.421174
-0.47646   0.128205   0.242055
-0.0567064   0.0718426   0.400222
0.212248   -0.0315209   0.0161257
0.355397   0.356493   -0.203759
-0.142976   0.493872   0.482375
-0.0995032   -0.444449   -0.496867
