0.581138   -0.798755   -0.44824
-0.275776   1.11137   -0.852184
1.53886   -2.1739   -0.288546
-1.61565   1.10073   -1.3585
-0.367487   -0.0699589   0.0715969
-0.895067   -1.64961   0.688109
1.16684   0.112311   0.12038
-1.36899   0.225662   0.0930807
1.06804   0.885357   0.240265
0.391225   0.491348   -0.999414
-1.28602   0.447607   -0.259918
-0.854023   1.42853   -0.618455
1.1403   -1.12839   0.219018
0.854786   -2.18298   -0.229469
-0.309869   1.17659   -0.457228
3.71813   -2.02984   0.392087
1.71289   1.64645   0.954889
2.46191   -1.22058   0.142955
-1.55619   0.0228888   2.22636
-1.31627   -0.45387   2.22565
-0.0218749   -0.0335505   0.729777
1.36031   1.35737   0.478414
-0.555782   1.95763   0.703178
1.34126   0.557786   -0.466502
-1.25771   -0.649994   -1.1768
1.1299   -0.474593   -0.391951
0.30419   1.08887   0.217527
-1.10506   1.06133   0.194432
-0.824088   0.61994   -0.318745
0.469117   0.538299   0.445475
0.195552   -0.282653   1.33671
1.54084   0.699647   -1.00913
1.61676   0.351071   1.74216
0.305023   -1.12448   -0.543391
-1.09212   0.00695751   0.140508
2.27878   -0.428702   2.10677
-1.19009   -0.38529   2.16721
-1.15026   0.479016   -0.495874
-0.733588   0.687644   -0.686396
-1.8223   -1.83897   0.898092
0.0045561   2.14467   0.946832
1.65818   -0.331539   0.769017
-0.275817   0.952016   2.59057
-0.363361   -1.58376   -1.14436
1.47147   -1.99267   -2.43792
-0.589231   -1.60892   -1.05285
-0.460768   -0.162736   -0.566704
0.286328   -1.70265   0.464275
0.857618   1.15864   -0.512266
-2.08721   1.1642   0.739544
-0.460717   -0.844076   -0.720872
-0.671526   0.575493   0.16401
-0.344932   1.29306   0.954718
2.87935   -0.467551   -0.55111
1.16267   -1.75411   1.03546
0.055068   -0.56416   1.0971
0.932298   0.274834   0.506219
-0.950663   0.074469   -0.356489
1.59031   0.486593   1.25732
2.24219   0.633596   -2.64687
-1.038   1.86722   -1.78886
0.378888   0.224172   0.521411
0.708379   -0.0780892   -2.35618
1.18809   1.46959   0.134155
-0.485012   0.195015   -0.631512
-1.19931   2.31941   0.891981
-1.05019   1.71941   -1.18124
0.342596   -0.598567   0.0319051
-1.20687   -0.490685   0.408696
1.0317   0.657774   0.768383
-2.25473   -0.729572   0.115782
-1.10025   2.02879   -0.12091
1.93701   1.54512   0.536004
-0.515864   0.786484   1.45433
-0.216078   0.0880621   -1.40594
-1.48421   0.306878   -0.451523
0.431282   -0.516164   0.223838
-0.031352   0.536565   -0.97749
1.1997   0.364504   -0.199915
1.20958   -1.24184   -0.469208
-0.80559   0.766825   -0.0505796
0.585922   -0.0287864   -1.62702
0.283251   -0.158719   1.04614
-1.07602   0.918153   -0.169038
-1.33306   0.643868   -0.519068
-0.820005   -0.401266   -1.08743
-0.302433   -0.163607   2.43566
-0.750239   2.4657   1.24876
-0.726989   -0.625146   0.855145
-1.43519   1.12673   0.474237
1.48615   -0.137254   -0.933267
0.264582   -0.207292   0.681604
-0.740401   -0.316784   -1.01959
0.996922   0.777317   -0.331972
-0.763575   -1.44756   0.964209
-0.512478   -1.09382   0.471945
-1.97663   -0.0874472   -0.311354
-1.61609   -1.02409   -0.50293
-0.0104991   -0.975815   -0.815408
0.95923   -0.196117   -1.18255
0.129451   -0.374683   0.500121
0.0398853   -1.0263   0.847154
-0.656027   -0.415319   -1.34033
-0.14878   -2.81116   -0.350243
-0.427687   -2.23325   -1.84818
0.0691554   0.402981   -1.16852
0.290937   -1.1465   -0.0528315
-1.36259   -1.55842   -0.187875
