-0.374778   -0.463661   -0.333318
0.0124326   0.135695   -0.301636
0.117483   0.34577   -0.0308247
0.496999   -0.0156586   -0.369652
-0.145209   0.0727544   -0.424354
0.102636   0.250525   0.196854
0.240462   -0.189876   0.455117
0.128947   -0.388038   0.119253
-0.0266089   -0.457847   0.295706
0.127621   -0.0505492   0.0819805
-0.475843   0.339757   -0.220521
-0.415917   0.0321305   0.468416
-0.453629   0.431388   -0.2358
0.331286   -0.256692   -0.40129
0.158782   0.190719   -0.0253867
0.0146314   -0.215256   0.412018
-0.0250053   0.444771   0.114791
-0.330945   -0.289864   0.0593389
0.34099   0.0254472   0.3108
-0.036873   -0.116158   0.331767
-0.106413   -0.420136   0.158483
-0.00212004   0.211707   0.270384
0.0785108   -0.346153   0.0256515
-0.360464   0.0503254   -0.224383
-0.415249   0.0917302   -0.277724
-0.215224   -0.174962   -0.461108
-0.0652306   0.0202879   0.257726
0.406343   0.111904   -0.0348541
-0.235182   0.362769   0.449861
0.339149   -0.0742157   0.0313479
-0.0161757   0.386621   -0.0297794
-0.485742   -0.0792038   0.361531
-0.110803   0.204852   0.140198
-0.233767   -0.348827   -0.295988
0.355834   -0.477854   0.235534
0.341837   -0.0946528   0.410799
0.0841041   0.46406   -0.119781
0.0802752   -0.187747   -0.252106
-0.0686746   -0.353281   0.252863
-0.188176   -0.466265   0.280332
-0.279594   0.0292053   -0.191856
0.377072   0.0197906   -0.0230839
0.0778352   0.327825   0.434708
-0.0946788   -0.119973   0.0708151
-0.192813   0.217661   0.433466
0.258622   -0.0535527   0.38113
0.482557   0.404005   -0.0309214
-0.0208834   0.353501   -0.489196
-0.145801   0.00424497   -0.498175
-0.166893   0.404293   0.263633
0.174026   -0.182844   -0.164547
0.293691   0.0546165   -0.182478
0.237086   -0.448581   0.374676
-0.196644   -0.140617   -0.346119
-0.16174   0.4689   0.37557
-0.254889   -0.0445931   -0.0351142
0.495562   -0.199543   0.244708
-0.218939   0.495497   -0.113365
-0.410785   -0.448855   0.0645912
0.465637   -0.170157   -0.0378744
-0.0591856   0.426791   -0.115028
-0.101672   0.456618   -0.436294
0.203701   0.116644   -0.00639171
0.107903   -0.0552907   -0.481096
0.40249   -0.146509   0.44112
-0.428114   0.411174   0.470289
0.311685   -0.0132065   -0.427095
-0.234109   -0.43115   -0.410219
-0.198327   -0.050679   0.0342068
0.4712   0.156339   -0.434021
-0.42235   -0.407458   -0.302284
-0.0166749   0.25032   -0.458764
0.0793435   -0.307019   0.380765
-0.350433   -0.319761   -0.0189661
0.284074   -0.199795   -0.115255
0.4087   -0.461636   -0.275792
0.0192682   -0.48259   0.0920323
-0.177694   0.334755   0.141784
-0.304061   -0.215956   -0.0394932
-0.396276   -0.375791   -0.229972
0.237661   0.0472429   0.0651047
0.358765   0.0545567   0.480733
0.00776316   -0.239462   0.174848
-0.154954   -0.249983   0.263762
-0.110975   -0.0697903   0.139738
0.392004   0.433165   0.26148
0.352937   -0.0183634   0.221419
-0.462242   -0.093734   0.449272
-0.292719   0.0777242   0.00232498
0.0563978   -0.0260992   -0.0991891
0.226517   -0.376347   0.443306
-0.173779   0.440903   -0.406456
-0.0719736   -0.267532   0.395416
-0.175971   -0.328134   -0.211783
0.495372   0.048493   0.356082
0.354103   0.308967   -0.428818
0.279919   -0.216204   0.391437
-0.0724326   0.475917   0.24919
0.47976   -0.167092   0.13823
0.116903   0.462846   0.0762999
0.482297   0.435677   0.0912471
0.493915   -0.458456   -0.407163
-0.338181   0.220623   0.299236
-0.195029   0.0202766   0.068015
-0.456686   -0.186469   0.491944
-0.12049   -0.444674   0.243417
0.424198   -0.202176   -0.278592
-0.421253   -0.0448147   -0.492805
