0.298174   0.378408   -0.813442
1.37611   0.136307   -0.621296
0.772222   -2.30171   -0.788477
-0.142481   0.18122   0.807618
0.274753   2.10754   -0.352236
0.358716   -0.531234   0.515341
-0.3174   -1.14149   -0.805721
-1.77912   0.589454   -1.34042
1.60266   1.1677   -0.180601
-1.98807   -1.06456   -0.748461
0.938386   0.588848   -0.50534
1.49245   -1.67574   1.25139
0.347052   -1.88208   0.219641
0.316357   -0.682554   1.84285
-2.32255   -1.32196   -1.17931
-0.356215   -0.918465   2.72314
-0.505195   -0.249546   -0.771825
-0.28712   1.17047   -1.53918
-1.04627   0.949886   0.664311
-0.0198502   1.49938   1.74745
0.738587   1.22497   -1.02134
-1.96146   -0.0534354   -1.61744
-1.28491   0.430034   -0.674141
-0.542813   -2.14117   -1.08587
-1.06902   0.866408   1.52976
-0.203457   -0.840827   -2.31952
-2.40996   1.54762   0.84788
1.36844   0.475746   0.39606
1.34924   -0.656696   0.82726
1.44424   0.828927   -0.489366
-1.04246   0.888798   0.0649474
-0.0261747   0.633727   0.426304
0.975769   -0.145857   1.6246
0.160966   -0.709165   1.93611
3.55496   0.00358466   0.545351
-2.21565   1.23426   -1.13829
-1.55478   0.360944   -0.579886
-0.790162   1.47843   0.725558
-0.375645   -0.00303548   0.649391
0.954689   -0.424199   -0.730254
-2.26289   -0.269931   -0.473645
-0.652506   -1.43191   -0.75318
1.23218   -0.0461812   -1.05161
-0.759676   1.03922   -0.660314
0.732545   0.381517   1.92442
-1.15545   -0.220485   -0.243062
0.585153   0.436367   -1.36708
-1.70243   -0.54176   -1.47449
-1.09188   0.309449   0.107564
-0.93158   0.093402   -0.170352
-0.0327495   -1.97622   -0.377769
-1.73702   -1.02804   -0.0719845
0.221943   1.05441   0.950633
0.420425   1.0499   -0.900167
-1.0914   0.983559   -2.17014
1.17812   0.00895427   0.356718
-1.30717   -1.50416   1.50489
-0.185048   2.21985   1.0071
-1.3873   0.227807   1.53446
0.484136   1.86367   -0.734855
0.216381   0.427536   -0.249094
0.41034   2.3559   -0.120928
1.7476   0.361969   1.68249
-0.324697   -1.56431   0.756514
3.1164   -0.418076   -0.0858956
-0.193199   -0.400037   0.907393
0.987528   -3.49117   -2.51421
0.64586   -2.00403   0.224853
1.29414   0.770984   -2.14258
-1.03131   0.12082   -1.39318
3.44   -0.222402   -0.526855
0.654193   0.368588   0.0163889
0.677356   0.973589   -0.167612
1.81487   0.29826   0.256586
-0.838478   0.812916   -0.456603
1.20114   -1.28235   0.853888
-1.36624   0.229874   -0.610867
-1.3086   -0.282896   0.608878
0.840309   -0.282971   -1.22283
-1.68143   0.174616   0.232546
0.0372042   0.218011   0.617872
-0.71276   0.934169   0.710751
-0.324401   0.42991   -0.44031
0.722152   0.248084   0.447609
0.287091   -0.395249   1.00412
0.85388   -0.16219   -0.644577
-0.879213   -0.983805   -0.849775
-1.71655   -1.57009   1.95356
-1.11153   -0.0804708   1.56942
1.50785   -0.76727   -0.538271
-0.430711   1.34771   -0.423324
0.753897   0.216717   1.01636
0.914613   1.07165   -0.927154
-0.102132   1.76336   0.153943
0.347731   0.787347   0.78706
-0.914494   -0.623417   0.881357
0.706097   -0.471616   -1.49641
0.424165   -0.434848   -1.10256
-1.30321   -0.673274   0.891142
-0.343865   -0.800988   -0.199001
1.55876   1.39676   0.348957
-0.4227   -1.56318   0.467968
0.493019   0.347883   -0.402066
0.236936   0.644126   -0.34363
1.59185   -0.0168752   0.311034
-0.770536   -1.94961   1.95163
0.218831   -0.761055   2.23586
1.43546   0.253019   -1.01011
